[debug] [2021-10-22T12:48:22.080Z] ----------------------------------------------------------------------
[debug] [2021-10-22T12:48:22.082Z] Command:       /usr/local/bin/node /usr/local/bin/firebase init
[debug] [2021-10-22T12:48:22.083Z] CLI Version:   9.21.0
[debug] [2021-10-22T12:48:22.083Z] Platform:      darwin
[debug] [2021-10-22T12:48:22.083Z] Node Version:  v14.17.3
[debug] [2021-10-22T12:48:22.084Z] Time:          Fri Oct 22 2021 14:48:22 GMT+0200 (Central European Summer Time)
[debug] [2021-10-22T12:48:22.085Z] ----------------------------------------------------------------------
[debug] 
[debug] [2021-10-22T12:48:22.095Z] > command requires scopes: ["email","openid","https://www.googleapis.com/auth/cloudplatformprojects.readonly","https://www.googleapis.com/auth/firebase","https://www.googleapis.com/auth/cloud-platform"]
[debug] [2021-10-22T12:48:22.095Z] > authorizing via signed-in user (eph.marvelous@gmail.com)
[info] 
     ######## #### ########  ######## ########     ###     ######  ########
     ##        ##  ##     ## ##       ##     ##  ##   ##  ##       ##
     ######    ##  ########  ######   ########  #########  ######  ######
     ##        ##  ##    ##  ##       ##     ## ##     ##       ## ##
     ##       #### ##     ## ######## ########  ##     ##  ######  ########

You're about to initialize a Firebase project in this directory:

  /Volumes/CloudDrive HD/GoogleDrive/MyProjects/Education/_Projects/Git/TG-Web-Dev/Week_19 - 26 [ Clone Project ]/Netflix_Clone_React

Before we get started, keep in mind:

  * You are currently outside your home directory

[info] 
=== Project Setup
[info] 
[info] First, let's associate this project directory with a Firebase project.
[info] You can create multiple project aliases by running firebase use --add, 
[info] but for now we'll just set up a default project.
[info] 
[info] i  If you want to create a project in a Google Cloud organization or folder, please use "firebase projects:create" instead, and return to this command when you've created the project. 
[debug] [2021-10-22T12:51:12.110Z] > refreshing access token with scopes: ["email","https://www.googleapis.com/auth/cloud-platform","https://www.googleapis.com/auth/cloudplatformprojects.readonly","https://www.googleapis.com/auth/firebase","openid"]
[debug] [2021-10-22T12:51:12.110Z] >>> HTTP REQUEST POST https://www.googleapis.com/oauth2/v3/token  
 <request body omitted>
[debug] [2021-10-22T12:51:12.201Z] <<< HTTP RESPONSE 200 {"date":"Fri, 22 Oct 2021 12:51:14 GMT","expires":"Mon, 01 Jan 1990 00:00:00 GMT","cache-control":"no-cache, no-store, max-age=0, must-revalidate","pragma":"no-cache","content-type":"application/json; charset=utf-8","vary":"X-Origin, Referer, Origin,Accept-Encoding","server":"scaffolding on HTTPServer2","x-xss-protection":"0","x-frame-options":"SAMEORIGIN","x-content-type-options":"nosniff","alt-svc":"h3=\":443\"; ma=2592000,h3-29=\":443\"; ma=2592000,h3-Q050=\":443\"; ma=2592000,h3-Q046=\":443\"; ma=2592000,h3-Q043=\":443\"; ma=2592000","accept-ranges":"none","transfer-encoding":"chunked"}
[debug] [2021-10-22T12:51:12.360Z] >>> HTTP REQUEST POST https://cloudresourcemanager.googleapis.com/v1/projects  
 {"projectId":"firebase projects:create","name":"NetflixCloning-tg"}
[debug] [2021-10-22T12:51:13.014Z] <<< HTTP RESPONSE 400 {"vary":"X-Origin, Referer, Origin,Accept-Encoding","content-type":"application/json; charset=UTF-8","date":"Fri, 22 Oct 2021 12:51:15 GMT","server":"ESF","cache-control":"private","x-xss-protection":"0","x-frame-options":"SAMEORIGIN","x-content-type-options":"nosniff","server-timing":"gfet4t7; dur=595","alt-svc":"h3=\":443\"; ma=2592000,h3-29=\":443\"; ma=2592000,h3-Q050=\":443\"; ma=2592000,h3-Q046=\":443\"; ma=2592000,h3-Q043=\":443\"; ma=2592000","accept-ranges":"none","transfer-encoding":"chunked"}
[debug] [2021-10-22T12:51:13.015Z] <<< HTTP RESPONSE BODY {"error":{"code":400,"message":"field [project_id] has issue [Cannot create domain prefixed projects]","status":"INVALID_ARGUMENT","details":[{"@type":"type.googleapis.com/google.rpc.BadRequest","fieldViolations":[{"field":"project_id","description":"Cannot create domain prefixed projects"}]},{"@type":"type.googleapis.com/google.rpc.Help","links":[{"url":"https://cloud.google.com/resource-manager/reference/rest/v1/projects"}]}]}}
[debug] [2021-10-22T12:51:13.018Z] FirebaseError: HTTP Error: 400, field [project_id] has issue [Cannot create domain prefixed projects]
    at module.exports (/usr/local/lib/node_modules/firebase-tools/lib/responseToError.js:38:12)
    at Request._callback (/usr/local/lib/node_modules/firebase-tools/lib/api.js:41:35)
    at Request.self.callback (/usr/local/lib/node_modules/firebase-tools/node_modules/request/request.js:185:22)
    at Request.emit (events.js:375:28)
    at Request.emit (domain.js:470:12)
    at Request.<anonymous> (/usr/local/lib/node_modules/firebase-tools/node_modules/request/request.js:1154:10)
    at Request.emit (events.js:375:28)
    at Request.emit (domain.js:470:12)
    at IncomingMessage.<anonymous> (/usr/local/lib/node_modules/firebase-tools/node_modules/request/request.js:1076:12)
    at Object.onceWrapper (events.js:481:28)
    at IncomingMessage.emit (events.js:387:35)
    at IncomingMessage.emit (domain.js:470:12)
    at endReadableNT (internal/streams/readable.js:1317:12)
    at processTicksAndRejections (internal/process/task_queues.js:82:21)
[error] 
[error] Error: Failed to create project. See firebase-debug.log for more info.
[debug] [2021-10-22T12:51:40.254Z] ----------------------------------------------------------------------
[debug] [2021-10-22T12:51:40.257Z] Command:       /usr/local/bin/node /usr/local/bin/firebase init
[debug] [2021-10-22T12:51:40.257Z] CLI Version:   9.21.0
[debug] [2021-10-22T12:51:40.257Z] Platform:      darwin
[debug] [2021-10-22T12:51:40.257Z] Node Version:  v14.17.3
[debug] [2021-10-22T12:51:40.416Z] Time:          Fri Oct 22 2021 14:51:40 GMT+0200 (Central European Summer Time)
[debug] [2021-10-22T12:51:40.417Z] ----------------------------------------------------------------------
[debug] 
[debug] [2021-10-22T12:51:40.426Z] > command requires scopes: ["email","openid","https://www.googleapis.com/auth/cloudplatformprojects.readonly","https://www.googleapis.com/auth/firebase","https://www.googleapis.com/auth/cloud-platform"]
[debug] [2021-10-22T12:51:40.426Z] > authorizing via signed-in user (eph.marvelous@gmail.com)
[info] 
     ######## #### ########  ######## ########     ###     ######  ########
     ##        ##  ##     ## ##       ##     ##  ##   ##  ##       ##
     ######    ##  ########  ######   ########  #########  ######  ######
     ##        ##  ##    ##  ##       ##     ## ##     ##       ## ##
     ##       #### ##     ## ######## ########  ##     ##  ######  ########

You're about to initialize a Firebase project in this directory:

  /Volumes/CloudDrive HD/GoogleDrive/MyProjects/Education/_Projects/Git/TG-Web-Dev/Week_19 - 26 [ Clone Project ]/Netflix_Clone_React

Before we get started, keep in mind:

  * You are currently outside your home directory

[info] 
=== Project Setup
[info] 
[info] First, let's associate this project directory with a Firebase project.
[info] You can create multiple project aliases by running firebase use --add, 
[info] but for now we'll just set up a default project.
[info] 
[debug] [2021-10-22T12:51:54.022Z] > refreshing access token with scopes: []
[debug] [2021-10-22T12:51:54.023Z] >>> HTTP REQUEST POST https://www.googleapis.com/oauth2/v3/token  
 <request body omitted>
[debug] [2021-10-22T12:51:54.242Z] <<< HTTP RESPONSE 200 {"pragma":"no-cache","expires":"Mon, 01 Jan 1990 00:00:00 GMT","date":"Fri, 22 Oct 2021 12:51:56 GMT","cache-control":"no-cache, no-store, max-age=0, must-revalidate","content-type":"application/json; charset=utf-8","vary":"X-Origin, Referer, Origin,Accept-Encoding","server":"scaffolding on HTTPServer2","x-xss-protection":"0","x-frame-options":"SAMEORIGIN","x-content-type-options":"nosniff","alt-svc":"h3=\":443\"; ma=2592000,h3-29=\":443\"; ma=2592000,h3-Q050=\":443\"; ma=2592000,h3-Q046=\":443\"; ma=2592000,h3-Q043=\":443\"; ma=2592000","accept-ranges":"none","transfer-encoding":"chunked"}
[debug] [2021-10-22T12:51:54.517Z] >>> [apiv2][query] GET https://firebase.googleapis.com/v1beta1/projects pageSize=100
[debug] [2021-10-22T12:51:54.983Z] <<< [apiv2][status] GET https://firebase.googleapis.com/v1beta1/projects 200
[debug] [2021-10-22T12:51:54.983Z] <<< [apiv2][body] GET https://firebase.googleapis.com/v1beta1/projects [omitted]
